<?xml version="1.0" encoding="UTF-8"?>
<coverage generated="1781513217497" clover="3.2.0">
  <project timestamp="1781513217497" name="All files">
    <metrics statements="131" coveredstatements="42" conditionals="142" coveredconditionals="42" methods="55" coveredmethods="15" elements="328" coveredelements="99" complexity="0" loc="131" ncloc="131" packages="8" files="9" classes="9"/>
    <package name="src">
      <metrics statements="8" coveredstatements="0" conditionals="8" coveredconditionals="0" methods="3" coveredmethods="0"/>
      <file name="App.tsx" path="/home/kevin/Downloads/cymelle-assessment-ecommerce/ecommerce-frontend/src/App.tsx">
        <metrics statements="5" coveredstatements="0" conditionals="8" coveredconditionals="0" methods="3" coveredmethods="0"/>
        <line num="14" count="0" type="stmt"/>
        <line num="21" count="0" type="stmt"/>
        <line num="23" count="0" type="stmt"/>
        <line num="46" count="0" type="stmt"/>
        <line num="50" count="0" type="stmt"/>
      </file>
      <file name="index.tsx" path="/home/kevin/Downloads/cymelle-assessment-ecommerce/ecommerce-frontend/src/index.tsx">
        <metrics statements="3" coveredstatements="0" conditionals="0" coveredconditionals="0" methods="0" coveredmethods="0"/>
        <line num="6" count="0" type="stmt"/>
        <line num="7" count="0" type="stmt"/>
        <line num="8" count="0" type="stmt"/>
      </file>
    </package>
    <package name="src.components.common">
      <metrics statements="7" coveredstatements="6" conditionals="6" coveredconditionals="3" methods="5" coveredmethods="4"/>
      <file name="index.tsx" path="/home/kevin/Downloads/cymelle-assessment-ecommerce/ecommerce-frontend/src/components/common/index.tsx">
        <metrics statements="7" coveredstatements="6" conditionals="6" coveredconditionals="3" methods="5" coveredmethods="4"/>
        <line num="10" count="14" type="stmt"/>
        <line num="29" count="2" type="stmt"/>
        <line num="53" count="14" type="stmt"/>
        <line num="69" count="1" type="stmt"/>
        <line num="77" count="25" type="stmt"/>
        <line num="91" count="1" type="stmt"/>
        <line num="98" count="0" type="stmt"/>
      </file>
    </package>
    <package name="src.components.fare">
      <metrics statements="22" coveredstatements="0" conditionals="29" coveredconditionals="0" methods="7" coveredmethods="0"/>
      <file name="FareCalculator.tsx" path="/home/kevin/Downloads/cymelle-assessment-ecommerce/ecommerce-frontend/src/components/fare/FareCalculator.tsx">
        <metrics statements="22" coveredstatements="0" conditionals="29" coveredconditionals="0" methods="7" coveredmethods="0"/>
        <line num="13" count="0" type="stmt"/>
        <line num="41" count="0" type="stmt"/>
        <line num="42" count="0" type="stmt"/>
        <line num="43" count="0" type="stmt"/>
        <line num="44" count="0" type="stmt"/>
        <line num="47" count="0" type="stmt"/>
        <line num="48" count="0" type="stmt"/>
        <line num="49" count="0" type="stmt"/>
        <line num="51" count="0" type="stmt"/>
        <line num="52" count="0" type="cond" truecount="0" falsecount="4"/>
        <line num="53" count="0" type="stmt"/>
        <line num="54" count="0" type="stmt"/>
        <line num="57" count="0" type="stmt"/>
        <line num="58" count="0" type="stmt"/>
        <line num="59" count="0" type="cond" truecount="0" falsecount="2"/>
        <line num="60" count="0" type="stmt"/>
        <line num="61" count="0" type="stmt"/>
        <line num="63" count="0" type="cond" truecount="0" falsecount="2"/>
        <line num="65" count="0" type="stmt"/>
        <line num="69" count="0" type="stmt"/>
        <line num="92" count="0" type="stmt"/>
        <line num="109" count="0" type="stmt"/>
      </file>
    </package>
    <package name="src.components.inventory">
      <metrics statements="19" coveredstatements="17" conditionals="39" coveredconditionals="36" methods="11" coveredmethods="9"/>
      <file name="InventoryTab.tsx" path="/home/kevin/Downloads/cymelle-assessment-ecommerce/ecommerce-frontend/src/components/inventory/InventoryTab.tsx">
        <metrics statements="19" coveredstatements="17" conditionals="39" coveredconditionals="36" methods="11" coveredmethods="9"/>
        <line num="13" count="25" type="stmt"/>
        <line num="14" count="25" type="stmt"/>
        <line num="16" count="25" type="cond" truecount="2" falsecount="0"/>
        <line num="19" count="25" type="stmt"/>
        <line num="34" count="40" type="stmt"/>
        <line num="35" count="39" type="stmt"/>
        <line num="36" count="39" type="stmt"/>
        <line num="38" count="39" type="stmt"/>
        <line num="40" count="39" type="cond" truecount="1" falsecount="1"/>
        <line num="41" count="39" type="stmt"/>
        <line num="42" count="39" type="cond" truecount="2" falsecount="0"/>
        <line num="44" count="39" type="cond" truecount="2" falsecount="0"/>
        <line num="45" count="25" type="cond" truecount="2" falsecount="0"/>
        <line num="47" count="23" type="stmt"/>
        <line num="57" count="0" type="stmt"/>
        <line num="66" count="1" type="stmt"/>
        <line num="105" count="0" type="stmt"/>
        <line num="128" count="54" type="stmt"/>
        <line num="139" count="25" type="stmt"/>
      </file>
    </package>
    <package name="src.components.orders">
      <metrics statements="33" coveredstatements="0" conditionals="37" coveredconditionals="0" methods="20" coveredmethods="0"/>
      <file name="OrdersTab.tsx" path="/home/kevin/Downloads/cymelle-assessment-ecommerce/ecommerce-frontend/src/components/orders/OrdersTab.tsx">
        <metrics statements="33" coveredstatements="0" conditionals="37" coveredconditionals="0" methods="20" coveredmethods="0"/>
        <line num="8" count="0" type="stmt"/>
        <line num="11" count="0" type="cond" truecount="0" falsecount="2"/>
        <line num="12" count="0" type="stmt"/>
        <line num="24" count="0" type="stmt"/>
        <line num="28" count="0" type="stmt"/>
        <line num="50" count="0" type="stmt"/>
        <line num="51" count="0" type="stmt"/>
        <line num="52" count="0" type="stmt"/>
        <line num="54" count="0" type="stmt"/>
        <line num="56" count="0" type="stmt"/>
        <line num="64" count="0" type="stmt"/>
        <line num="65" count="0" type="stmt"/>
        <line num="68" count="0" type="stmt"/>
        <line num="69" count="0" type="stmt"/>
        <line num="73" count="0" type="cond" truecount="0" falsecount="2"/>
        <line num="74" count="0" type="stmt"/>
        <line num="75" count="0" type="stmt"/>
        <line num="76" count="0" type="stmt"/>
        <line num="77" count="0" type="stmt"/>
        <line num="78" count="0" type="stmt"/>
        <line num="80" count="0" type="cond" truecount="0" falsecount="2"/>
        <line num="82" count="0" type="stmt"/>
        <line num="86" count="0" type="cond" truecount="0" falsecount="2"/>
        <line num="88" count="0" type="stmt"/>
        <line num="90" count="0" type="cond" truecount="0" falsecount="2"/>
        <line num="113" count="0" type="stmt"/>
        <line num="117" count="0" type="cond" truecount="0" falsecount="2"/>
        <line num="127" count="0" type="stmt"/>
        <line num="137" count="0" type="stmt"/>
        <line num="143" count="0" type="stmt"/>
        <line num="166" count="0" type="stmt"/>
        <line num="177" count="0" type="stmt"/>
        <line num="196" count="0" type="stmt"/>
      </file>
    </package>
    <package name="src.hooks">
      <metrics statements="15" coveredstatements="15" conditionals="3" coveredconditionals="1" methods="2" coveredmethods="2"/>
      <file name="useApi.ts" path="/home/kevin/Downloads/cymelle-assessment-ecommerce/ecommerce-frontend/src/hooks/useApi.ts">
        <metrics statements="15" coveredstatements="15" conditionals="3" coveredconditionals="1" methods="2" coveredmethods="2"/>
        <line num="14" count="39" type="stmt"/>
        <line num="15" count="39" type="stmt"/>
        <line num="16" count="39" type="stmt"/>
        <line num="18" count="39" type="stmt"/>
        <line num="20" count="14" type="stmt"/>
        <line num="21" count="14" type="stmt"/>
        <line num="22" count="14" type="stmt"/>
        <line num="23" count="14" type="stmt"/>
        <line num="24" count="11" type="stmt"/>
        <line num="25" count="11" type="stmt"/>
        <line num="27" count="2" type="cond" truecount="1" falsecount="1"/>
        <line num="28" count="2" type="stmt"/>
        <line num="29" count="2" type="stmt"/>
        <line num="31" count="13" type="stmt"/>
        <line num="37" count="39" type="stmt"/>
      </file>
    </package>
    <package name="src.services">
      <metrics statements="27" coveredstatements="4" conditionals="20" coveredconditionals="2" methods="7" coveredmethods="0"/>
      <file name="api.ts" path="/home/kevin/Downloads/cymelle-assessment-ecommerce/ecommerce-frontend/src/services/api.ts">
        <metrics statements="27" coveredstatements="4" conditionals="20" coveredconditionals="2" methods="7" coveredmethods="0"/>
        <line num="10" count="1" type="cond" truecount="2" falsecount="0"/>
        <line num="18" count="0" type="stmt"/>
        <line num="23" count="0" type="cond" truecount="0" falsecount="2"/>
        <line num="24" count="0" type="stmt"/>
        <line num="25" count="0" type="stmt"/>
        <line num="26" count="0" type="cond" truecount="0" falsecount="2"/>
        <line num="27" count="0" type="stmt"/>
        <line num="28" count="0" type="stmt"/>
        <line num="29" count="0" type="stmt"/>
        <line num="30" count="0" type="stmt"/>
        <line num="33" count="0" type="stmt"/>
        <line num="37" count="1" type="stmt"/>
        <line num="39" count="0" type="stmt"/>
        <line num="42" count="0" type="stmt"/>
        <line num="46" count="1" type="stmt"/>
        <line num="48" count="0" type="stmt"/>
        <line num="49" count="0" type="cond" truecount="0" falsecount="2"/>
        <line num="50" count="0" type="cond" truecount="0" falsecount="2"/>
        <line num="51" count="0" type="cond" truecount="0" falsecount="2"/>
        <line num="52" count="0" type="stmt"/>
        <line num="53" count="0" type="cond" truecount="0" falsecount="2"/>
        <line num="57" count="0" type="stmt"/>
        <line num="60" count="0" type="stmt"/>
        <line num="65" count="1" type="stmt"/>
        <line num="67" count="0" type="stmt"/>
        <line num="68" count="0" type="cond" truecount="0" falsecount="2"/>
        <line num="69" count="0" type="stmt"/>
      </file>
    </package>
    <package name="src.types">
      <metrics statements="0" coveredstatements="0" conditionals="0" coveredconditionals="0" methods="0" coveredmethods="0"/>
      <file name="index.ts" path="/home/kevin/Downloads/cymelle-assessment-ecommerce/ecommerce-frontend/src/types/index.ts">
        <metrics statements="0" coveredstatements="0" conditionals="0" coveredconditionals="0" methods="0" coveredmethods="0"/>
      </file>
    </package>
  </project>
</coverage>
