{"/home/kevin/Downloads/cymelle-assessment-ecommerce/ecommerce-frontend/src/App.tsx": {"path":"/home/kevin/Downloads/cymelle-assessment-ecommerce/ecommerce-frontend/src/App.tsx","statementMap":{"0":{"start":{"line":14,"column":20},"end":{"line":18,"column":1}},"1":{"start":{"line":21,"column":36},"end":{"line":21,"column":64}},"2":{"start":{"line":23,"column":2},"end":{"line":71,"column":4}},"3":{"start":{"line":46,"column":14},"end":{"line":59,"column":23}},"4":{"start":{"line":50,"column":31},"end":{"line":50,"column":51}}},"fnMap":{"0":{"name":"App","decl":{"start":{"line":20,"column":24},"end":{"line":20,"column":27}},"loc":{"start":{"line":20,"column":30},"end":{"line":72,"column":1}},"line":20},"1":{"name":"(anonymous_1)","decl":{"start":{"line":45,"column":22},"end":{"line":45,"column":23}},"loc":{"start":{"line":46,"column":14},"end":{"line":59,"column":23}},"line":46},"2":{"name":"(anonymous_2)","decl":{"start":{"line":50,"column":25},"end":{"line":50,"column":26}},"loc":{"start":{"line":50,"column":31},"end":{"line":50,"column":51}},"line":50}},"branchMap":{"0":{"loc":{"start":{"line":52,"column":20},"end":{"line":54,"column":101}},"type":"cond-expr","locations":[{"start":{"line":53,"column":22},"end":{"line":53,"column":57}},{"start":{"line":54,"column":22},"end":{"line":54,"column":101}}],"line":52},"1":{"loc":{"start":{"line":66,"column":9},"end":{"line":66,"column":54}},"type":"binary-expr","locations":[{"start":{"line":66,"column":9},"end":{"line":66,"column":34}},{"start":{"line":66,"column":38},"end":{"line":66,"column":54}}],"line":66},"2":{"loc":{"start":{"line":67,"column":9},"end":{"line":67,"column":51}},"type":"binary-expr","locations":[{"start":{"line":67,"column":9},"end":{"line":67,"column":31}},{"start":{"line":67,"column":38},"end":{"line":67,"column":51}}],"line":67},"3":{"loc":{"start":{"line":68,"column":9},"end":{"line":68,"column":56}},"type":"binary-expr","locations":[{"start":{"line":68,"column":9},"end":{"line":68,"column":29}},{"start":{"line":68,"column":38},"end":{"line":68,"column":56}}],"line":68}},"s":{"0":0,"1":0,"2":0,"3":0,"4":0},"f":{"0":0,"1":0,"2":0},"b":{"0":[0,0],"1":[0,0],"2":[0,0],"3":[0,0]}}
,"/home/kevin/Downloads/cymelle-assessment-ecommerce/ecommerce-frontend/src/index.tsx": {"path":"/home/kevin/Downloads/cymelle-assessment-ecommerce/ecommerce-frontend/src/index.tsx","statementMap":{"0":{"start":{"line":6,"column":15},"end":{"line":6,"column":61}},"1":{"start":{"line":7,"column":13},"end":{"line":7,"column":40}},"2":{"start":{"line":8,"column":0},"end":{"line":12,"column":2}}},"fnMap":{},"branchMap":{},"s":{"0":0,"1":0,"2":0},"f":{},"b":{}}
,"/home/kevin/Downloads/cymelle-assessment-ecommerce/ecommerce-frontend/src/components/common/index.tsx": {"path":"/home/kevin/Downloads/cymelle-assessment-ecommerce/ecommerce-frontend/src/components/common/index.tsx","statementMap":{"0":{"start":{"line":10,"column":2},"end":{"line":19,"column":4}},"1":{"start":{"line":29,"column":2},"end":{"line":42,"column":4}},"2":{"start":{"line":53,"column":2},"end":{"line":60,"column":4}},"3":{"start":{"line":69,"column":51},"end":{"line":74,"column":1}},"4":{"start":{"line":77,"column":2},"end":{"line":83,"column":4}},"5":{"start":{"line":91,"column":58},"end":{"line":95,"column":1}},"6":{"start":{"line":98,"column":2},"end":{"line":98,"column":66}}},"fnMap":{"0":{"name":"LoadingSpinner","decl":{"start":{"line":9,"column":16},"end":{"line":9,"column":30}},"loc":{"start":{"line":9,"column":78},"end":{"line":20,"column":1}},"line":9},"1":{"name":"ErrorState","decl":{"start":{"line":28,"column":16},"end":{"line":28,"column":26}},"loc":{"start":{"line":28,"column":66},"end":{"line":43,"column":1}},"line":28},"2":{"name":"EmptyState","decl":{"start":{"line":52,"column":16},"end":{"line":52,"column":26}},"loc":{"start":{"line":52,"column":76},"end":{"line":61,"column":1}},"line":52},"3":{"name":"Badge","decl":{"start":{"line":76,"column":16},"end":{"line":76,"column":21}},"loc":{"start":{"line":76,"column":69},"end":{"line":84,"column":1}},"line":76},"4":{"name":"StatusBadge","decl":{"start":{"line":97,"column":16},"end":{"line":97,"column":27}},"loc":{"start":{"line":97,"column":58},"end":{"line":99,"column":1}},"line":97}},"branchMap":{"0":{"loc":{"start":{"line":9,"column":33},"end":{"line":9,"column":53}},"type":"default-arg","locations":[{"start":{"line":9,"column":43},"end":{"line":9,"column":53}}],"line":9},"1":{"loc":{"start":{"line":33,"column":7},"end":{"line":40,"column":7}},"type":"binary-expr","locations":[{"start":{"line":33,"column":7},"end":{"line":33,"column":14}},{"start":{"line":34,"column":8},"end":{"line":39,"column":17}}],"line":33},"2":{"loc":{"start":{"line":58,"column":7},"end":{"line":58,"column":53}},"type":"binary-expr","locations":[{"start":{"line":58,"column":7},"end":{"line":58,"column":13}},{"start":{"line":58,"column":17},"end":{"line":58,"column":53}}],"line":58},"3":{"loc":{"start":{"line":76,"column":24},"end":{"line":76,"column":43}},"type":"default-arg","locations":[{"start":{"line":76,"column":34},"end":{"line":76,"column":43}}],"line":76}},"s":{"0":14,"1":2,"2":14,"3":1,"4":25,"5":1,"6":0},"f":{"0":14,"1":2,"2":14,"3":25,"4":0},"b":{"0":[0],"1":[2,2],"2":[14,0],"3":[0]},"_coverageSchema":"1a1c01bbd47fc00a2c39e90264f33305004495a9","hash":"74a538638cbf79aa405cd8c3efc99229ba75edef"}
,"/home/kevin/Downloads/cymelle-assessment-ecommerce/ecommerce-frontend/src/components/fare/FareCalculator.tsx": {"path":"/home/kevin/Downloads/cymelle-assessment-ecommerce/ecommerce-frontend/src/components/fare/FareCalculator.tsx","statementMap":{"0":{"start":{"line":13,"column":2},"end":{"line":30,"column":4}},"1":{"start":{"line":41,"column":26},"end":{"line":41,"column":90}},"2":{"start":{"line":42,"column":30},"end":{"line":42,"column":65}},"3":{"start":{"line":43,"column":32},"end":{"line":43,"column":47}},"4":{"start":{"line":44,"column":28},"end":{"line":44,"column":57}},"5":{"start":{"line":47,"column":4},"end":{"line":47,"column":23}},"6":{"start":{"line":48,"column":4},"end":{"line":48,"column":19}},"7":{"start":{"line":49,"column":4},"end":{"line":49,"column":20}},"8":{"start":{"line":51,"column":19},"end":{"line":51,"column":46}},"9":{"start":{"line":52,"column":4},"end":{"line":55,"column":5}},"10":{"start":{"line":53,"column":6},"end":{"line":53,"column":60}},"11":{"start":{"line":54,"column":6},"end":{"line":54,"column":13}},"12":{"start":{"line":57,"column":4},"end":{"line":57,"column":21}},"13":{"start":{"line":58,"column":4},"end":{"line":66,"column":5}},"14":{"start":{"line":59,"column":20},"end":{"line":59,"column":87}},"15":{"start":{"line":60,"column":19},"end":{"line":60,"column":90}},"16":{"start":{"line":61,"column":6},"end":{"line":61,"column":22}},"17":{"start":{"line":63,"column":6},"end":{"line":63,"column":74}},"18":{"start":{"line":65,"column":6},"end":{"line":65,"column":24}},"19":{"start":{"line":69,"column":2},"end":{"line":194,"column":4}},"20":{"start":{"line":92,"column":31},"end":{"line":92,"column":83}},"21":{"start":{"line":92,"column":45},"end":{"line":92,"column":81}},"22":{"start":{"line":109,"column":31},"end":{"line":109,"column":88}},"23":{"start":{"line":109,"column":45},"end":{"line":109,"column":86}}},"fnMap":{"0":{"name":"ResultRow","decl":{"start":{"line":12,"column":9},"end":{"line":12,"column":18}},"loc":{"start":{"line":12,"column":72},"end":{"line":31,"column":1}},"line":12},"1":{"name":"FareCalculator","decl":{"start":{"line":40,"column":24},"end":{"line":40,"column":38}},"loc":{"start":{"line":40,"column":41},"end":{"line":195,"column":1}},"line":40},"2":{"name":"handleCalculate","decl":{"start":{"line":46,"column":17},"end":{"line":46,"column":32}},"loc":{"start":{"line":46,"column":85},"end":{"line":67,"column":3}},"line":46},"3":{"name":"(anonymous_3)","decl":{"start":{"line":92,"column":26},"end":{"line":92,"column":27}},"loc":{"start":{"line":92,"column":31},"end":{"line":92,"column":83}},"line":92},"4":{"name":"(anonymous_4)","decl":{"start":{"line":92,"column":39},"end":{"line":92,"column":40}},"loc":{"start":{"line":92,"column":45},"end":{"line":92,"column":81}},"line":92},"5":{"name":"(anonymous_5)","decl":{"start":{"line":109,"column":26},"end":{"line":109,"column":27}},"loc":{"start":{"line":109,"column":31},"end":{"line":109,"column":88}},"line":109},"6":{"name":"(anonymous_6)","decl":{"start":{"line":109,"column":39},"end":{"line":109,"column":40}},"loc":{"start":{"line":109,"column":45},"end":{"line":109,"column":86}},"line":109}},"branchMap":{"0":{"loc":{"start":{"line":12,"column":35},"end":{"line":12,"column":52}},"type":"default-arg","locations":[{"start":{"line":12,"column":47},"end":{"line":12,"column":52}}],"line":12},"1":{"loc":{"start":{"line":16,"column":8},"end":{"line":16,"column":64}},"type":"cond-expr","locations":[{"start":{"line":16,"column":20},"end":{"line":16,"column":59}},{"start":{"line":16,"column":62},"end":{"line":16,"column":64}}],"line":16},"2":{"loc":{"start":{"line":19,"column":32},"end":{"line":19,"column":93}},"type":"cond-expr","locations":[{"start":{"line":19,"column":44},"end":{"line":19,"column":74}},{"start":{"line":19,"column":77},"end":{"line":19,"column":93}}],"line":19},"3":{"loc":{"start":{"line":24,"column":10},"end":{"line":24,"column":77}},"type":"cond-expr","locations":[{"start":{"line":24,"column":22},"end":{"line":24,"column":58}},{"start":{"line":24,"column":61},"end":{"line":24,"column":77}}],"line":24},"4":{"loc":{"start":{"line":52,"column":4},"end":{"line":55,"column":5}},"type":"if","locations":[{"start":{"line":52,"column":4},"end":{"line":55,"column":5}},{"start":{},"end":{}}],"line":52},"5":{"loc":{"start":{"line":52,"column":8},"end":{"line":52,"column":30}},"type":"binary-expr","locations":[{"start":{"line":52,"column":8},"end":{"line":52,"column":15}},{"start":{"line":52,"column":19},"end":{"line":52,"column":30}}],"line":52},"6":{"loc":{"start":{"line":59,"column":20},"end":{"line":59,"column":87}},"type":"cond-expr","locations":[{"start":{"line":59,"column":43},"end":{"line":59,"column":75}},{"start":{"line":59,"column":78},"end":{"line":59,"column":87}}],"line":59},"7":{"loc":{"start":{"line":63,"column":15},"end":{"line":63,"column":72}},"type":"cond-expr","locations":[{"start":{"line":63,"column":38},"end":{"line":63,"column":49}},{"start":{"line":63,"column":52},"end":{"line":63,"column":72}}],"line":63},"8":{"loc":{"start":{"line":114,"column":13},"end":{"line":122,"column":13}},"type":"binary-expr","locations":[{"start":{"line":114,"column":13},"end":{"line":114,"column":18}},{"start":{"line":115,"column":14},"end":{"line":121,"column":18}}],"line":114},"9":{"loc":{"start":{"line":129,"column":15},"end":{"line":129,"column":58}},"type":"cond-expr","locations":[{"start":{"line":129,"column":25},"end":{"line":129,"column":39}},{"start":{"line":129,"column":42},"end":{"line":129,"column":58}}],"line":129},"10":{"loc":{"start":{"line":138,"column":12},"end":{"line":138,"column":87}},"type":"cond-expr","locations":[{"start":{"line":138,"column":21},"end":{"line":138,"column":66}},{"start":{"line":138,"column":69},"end":{"line":138,"column":87}}],"line":138},"11":{"loc":{"start":{"line":141,"column":11},"end":{"line":190,"column":11}},"type":"cond-expr","locations":[{"start":{"line":142,"column":12},"end":{"line":145,"column":18}},{"start":{"line":147,"column":12},"end":{"line":189,"column":15}}],"line":141},"12":{"loc":{"start":{"line":159,"column":17},"end":{"line":166,"column":17}},"type":"binary-expr","locations":[{"start":{"line":159,"column":17},"end":{"line":159,"column":38}},{"start":{"line":160,"column":18},"end":{"line":165,"column":25}}],"line":159},"13":{"loc":{"start":{"line":167,"column":17},"end":{"line":174,"column":17}},"type":"binary-expr","locations":[{"start":{"line":167,"column":17},"end":{"line":167,"column":43}},{"start":{"line":168,"column":18},"end":{"line":173,"column":25}}],"line":167},"14":{"loc":{"start":{"line":181,"column":17},"end":{"line":186,"column":17}},"type":"binary-expr","locations":[{"start":{"line":181,"column":17},"end":{"line":181,"column":43}},{"start":{"line":182,"column":18},"end":{"line":185,"column":20}}],"line":181}},"s":{"0":0,"1":0,"2":0,"3":0,"4":0,"5":0,"6":0,"7":0,"8":0,"9":0,"10":0,"11":0,"12":0,"13":0,"14":0,"15":0,"16":0,"17":0,"18":0,"19":0,"20":0,"21":0,"22":0,"23":0},"f":{"0":0,"1":0,"2":0,"3":0,"4":0,"5":0,"6":0},"b":{"0":[0],"1":[0,0],"2":[0,0],"3":[0,0],"4":[0,0],"5":[0,0],"6":[0,0],"7":[0,0],"8":[0,0],"9":[0,0],"10":[0,0],"11":[0,0],"12":[0,0],"13":[0,0],"14":[0,0]}}
,"/home/kevin/Downloads/cymelle-assessment-ecommerce/ecommerce-frontend/src/components/inventory/InventoryTab.tsx": {"path":"/home/kevin/Downloads/cymelle-assessment-ecommerce/ecommerce-frontend/src/components/inventory/InventoryTab.tsx","statementMap":{"0":{"start":{"line":13,"column":14},"end":{"line":13,"column":16}},"1":{"start":{"line":14,"column":14},"end":{"line":14,"column":51}},"2":{"start":{"line":16,"column":4},"end":{"line":18,"column":37}},"3":{"start":{"line":19,"column":2},"end":{"line":27,"column":4}},"4":{"start":{"line":34,"column":30},"end":{"line":34,"column":57}},"5":{"start":{"line":35,"column":17},"end":{"line":35,"column":61}},"6":{"start":{"line":35,"column":35},"end":{"line":35,"column":56}},"7":{"start":{"line":36,"column":51},"end":{"line":36,"column":86}},"8":{"start":{"line":38,"column":2},"end":{"line":38,"column":45}},"9":{"start":{"line":38,"column":20},"end":{"line":38,"column":30}},"10":{"start":{"line":40,"column":36},"end":{"line":40,"column":47}},"11":{"start":{"line":41,"column":19},"end":{"line":41,"column":58}},"12":{"start":{"line":41,"column":40},"end":{"line":41,"column":50}},"13":{"start":{"line":42,"column":20},"end":{"line":42,"column":82}},"14":{"start":{"line":42,"column":60},"end":{"line":42,"column":70}},"15":{"start":{"line":44,"column":2},"end":{"line":44,"column":71}},"16":{"start":{"line":44,"column":15},"end":{"line":44,"column":71}},"17":{"start":{"line":45,"column":2},"end":{"line":45,"column":71}},"18":{"start":{"line":45,"column":15},"end":{"line":45,"column":71}},"19":{"start":{"line":47,"column":2},"end":{"line":175,"column":4}},"20":{"start":{"line":57,"column":27},"end":{"line":57,"column":43}},"21":{"start":{"line":66,"column":27},"end":{"line":66,"column":43}},"22":{"start":{"line":105,"column":35},"end":{"line":105,"column":51}},"23":{"start":{"line":128,"column":18},"end":{"line":133,"column":23}},"24":{"start":{"line":139,"column":16},"end":{"line":168,"column":21}}},"fnMap":{"0":{"name":"StockBar","decl":{"start":{"line":12,"column":9},"end":{"line":12,"column":17}},"loc":{"start":{"line":12,"column":47},"end":{"line":28,"column":1}},"line":12},"1":{"name":"InventoryTab","decl":{"start":{"line":33,"column":24},"end":{"line":33,"column":36}},"loc":{"start":{"line":33,"column":39},"end":{"line":176,"column":1}},"line":33},"2":{"name":"(anonymous_2)","decl":{"start":{"line":35,"column":29},"end":{"line":35,"column":30}},"loc":{"start":{"line":35,"column":35},"end":{"line":35,"column":56}},"line":35},"3":{"name":"(anonymous_3)","decl":{"start":{"line":38,"column":12},"end":{"line":38,"column":13}},"loc":{"start":{"line":38,"column":18},"end":{"line":38,"column":32}},"line":38},"4":{"name":"(anonymous_4)","decl":{"start":{"line":41,"column":35},"end":{"line":41,"column":36}},"loc":{"start":{"line":41,"column":40},"end":{"line":41,"column":50}},"line":41},"5":{"name":"(anonymous_5)","decl":{"start":{"line":42,"column":55},"end":{"line":42,"column":56}},"loc":{"start":{"line":42,"column":60},"end":{"line":42,"column":70}},"line":42},"6":{"name":"(anonymous_6)","decl":{"start":{"line":57,"column":21},"end":{"line":57,"column":22}},"loc":{"start":{"line":57,"column":27},"end":{"line":57,"column":43}},"line":57},"7":{"name":"(anonymous_7)","decl":{"start":{"line":66,"column":21},"end":{"line":66,"column":22}},"loc":{"start":{"line":66,"column":27},"end":{"line":66,"column":43}},"line":66},"8":{"name":"(anonymous_8)","decl":{"start":{"line":105,"column":29},"end":{"line":105,"column":30}},"loc":{"start":{"line":105,"column":35},"end":{"line":105,"column":51}},"line":105},"9":{"name":"(anonymous_9)","decl":{"start":{"line":127,"column":85},"end":{"line":127,"column":86}},"loc":{"start":{"line":128,"column":18},"end":{"line":133,"column":23}},"line":128},"10":{"name":"(anonymous_10)","decl":{"start":{"line":138,"column":29},"end":{"line":138,"column":30}},"loc":{"start":{"line":139,"column":16},"end":{"line":168,"column":21}},"line":139}},"branchMap":{"0":{"loc":{"start":{"line":16,"column":4},"end":{"line":18,"column":37}},"type":"cond-expr","locations":[{"start":{"line":16,"column":21},"end":{"line":16,"column":33}},{"start":{"line":17,"column":4},"end":{"line":18,"column":37}}],"line":16},"1":{"loc":{"start":{"line":17,"column":4},"end":{"line":18,"column":37}},"type":"cond-expr","locations":[{"start":{"line":17,"column":21},"end":{"line":17,"column":35}},{"start":{"line":18,"column":21},"end":{"line":18,"column":37}}],"line":17},"2":{"loc":{"start":{"line":40,"column":36},"end":{"line":40,"column":47}},"type":"binary-expr","locations":[{"start":{"line":40,"column":36},"end":{"line":40,"column":41}},{"start":{"line":40,"column":45},"end":{"line":40,"column":47}}],"line":40},"3":{"loc":{"start":{"line":42,"column":20},"end":{"line":42,"column":82}},"type":"cond-expr","locations":[{"start":{"line":42,"column":39},"end":{"line":42,"column":71}},{"start":{"line":42,"column":74},"end":{"line":42,"column":82}}],"line":42},"4":{"loc":{"start":{"line":44,"column":2},"end":{"line":44,"column":71}},"type":"if","locations":[{"start":{"line":44,"column":2},"end":{"line":44,"column":71}},{"start":{},"end":{}}],"line":44},"5":{"loc":{"start":{"line":45,"column":2},"end":{"line":45,"column":71}},"type":"if","locations":[{"start":{"line":45,"column":2},"end":{"line":45,"column":71}},{"start":{},"end":{}}],"line":45},"6":{"loc":{"start":{"line":59,"column":16},"end":{"line":61,"column":85}},"type":"cond-expr","locations":[{"start":{"line":60,"column":18},"end":{"line":60,"column":54}},{"start":{"line":61,"column":18},"end":{"line":61,"column":85}}],"line":59},"7":{"loc":{"start":{"line":69,"column":16},"end":{"line":71,"column":85}},"type":"cond-expr","locations":[{"start":{"line":70,"column":18},"end":{"line":70,"column":51}},{"start":{"line":71,"column":18},"end":{"line":71,"column":85}}],"line":69},"8":{"loc":{"start":{"line":74,"column":13},"end":{"line":82,"column":13}},"type":"binary-expr","locations":[{"start":{"line":74,"column":13},"end":{"line":74,"column":25}},{"start":{"line":75,"column":14},"end":{"line":81,"column":21}}],"line":74},"9":{"loc":{"start":{"line":78,"column":20},"end":{"line":78,"column":90}},"type":"cond-expr","locations":[{"start":{"line":78,"column":39},"end":{"line":78,"column":62}},{"start":{"line":78,"column":65},"end":{"line":78,"column":90}}],"line":78},"10":{"loc":{"start":{"line":96,"column":7},"end":{"line":111,"column":7}},"type":"binary-expr","locations":[{"start":{"line":96,"column":7},"end":{"line":96,"column":19}},{"start":{"line":96,"column":23},"end":{"line":96,"column":39}},{"start":{"line":97,"column":8},"end":{"line":110,"column":14}}],"line":96},"11":{"loc":{"start":{"line":103,"column":36},"end":{"line":103,"column":59}},"type":"cond-expr","locations":[{"start":{"line":103,"column":51},"end":{"line":103,"column":54}},{"start":{"line":103,"column":57},"end":{"line":103,"column":59}}],"line":103},"12":{"loc":{"start":{"line":113,"column":7},"end":{"line":173,"column":7}},"type":"cond-expr","locations":[{"start":{"line":114,"column":8},"end":{"line":121,"column":10}},{"start":{"line":123,"column":8},"end":{"line":172,"column":14}}],"line":113},"13":{"loc":{"start":{"line":115,"column":17},"end":{"line":115,"column":89}},"type":"cond-expr","locations":[{"start":{"line":115,"column":36},"end":{"line":115,"column":66}},{"start":{"line":115,"column":69},"end":{"line":115,"column":89}}],"line":115},"14":{"loc":{"start":{"line":117,"column":12},"end":{"line":119,"column":52}},"type":"cond-expr","locations":[{"start":{"line":118,"column":16},"end":{"line":118,"column":61}},{"start":{"line":119,"column":16},"end":{"line":119,"column":52}}],"line":117},"15":{"loc":{"start":{"line":141,"column":71},"end":{"line":141,"column":106}},"type":"cond-expr","locations":[{"start":{"line":141,"column":87},"end":{"line":141,"column":101}},{"start":{"line":141,"column":104},"end":{"line":141,"column":106}}],"line":141},"16":{"loc":{"start":{"line":154,"column":26},"end":{"line":155,"column":83}},"type":"cond-expr","locations":[{"start":{"line":154,"column":48},"end":{"line":154,"column":62}},{"start":{"line":155,"column":26},"end":{"line":155,"column":83}}],"line":154},"17":{"loc":{"start":{"line":155,"column":26},"end":{"line":155,"column":83}},"type":"cond-expr","locations":[{"start":{"line":155,"column":48},"end":{"line":155,"column":64}},{"start":{"line":155,"column":67},"end":{"line":155,"column":83}}],"line":155},"18":{"loc":{"start":{"line":164,"column":21},"end":{"line":166,"column":59}},"type":"cond-expr","locations":[{"start":{"line":165,"column":24},"end":{"line":165,"column":61}},{"start":{"line":166,"column":24},"end":{"line":166,"column":59}}],"line":164}},"s":{"0":25,"1":25,"2":25,"3":25,"4":40,"5":39,"6":14,"7":39,"8":39,"9":12,"10":39,"11":39,"12":29,"13":39,"14":1,"15":39,"16":14,"17":25,"18":2,"19":23,"20":0,"21":1,"22":0,"23":54,"24":25},"f":{"0":25,"1":40,"2":14,"3":12,"4":29,"5":1,"6":0,"7":1,"8":0,"9":54,"10":25},"b":{"0":[8,17],"1":[8,9],"2":[39,0],"3":[1,38],"4":[14,25],"5":[2,23],"6":[22,1],"7":[1,22],"8":[23,8],"9":[0,8],"10":[23,8,8],"11":[8,0],"12":[14,9],"13":[1,13],"14":[1,13],"15":[16,9],"16":[8,17],"17":[8,9],"18":[16,9]},"_coverageSchema":"1a1c01bbd47fc00a2c39e90264f33305004495a9","hash":"00e6fb540e43b0f5300e513c0d9392880ea97622"}
,"/home/kevin/Downloads/cymelle-assessment-ecommerce/ecommerce-frontend/src/components/orders/OrdersTab.tsx": {"path":"/home/kevin/Downloads/cymelle-assessment-ecommerce/ecommerce-frontend/src/components/orders/OrdersTab.tsx","statementMap":{"0":{"start":{"line":8,"column":23},"end":{"line":8,"column":76}},"1":{"start":{"line":11,"column":2},"end":{"line":11,"column":23}},"2":{"start":{"line":11,"column":12},"end":{"line":11,"column":23}},"3":{"start":{"line":12,"column":2},"end":{"line":15,"column":5}},"4":{"start":{"line":24,"column":47},"end":{"line":27,"column":3}},"5":{"start":{"line":28,"column":2},"end":{"line":39,"column":4}},"6":{"start":{"line":50,"column":32},"end":{"line":50,"column":87}},"7":{"start":{"line":51,"column":38},"end":{"line":51,"column":67}},"8":{"start":{"line":52,"column":28},"end":{"line":52,"column":61}},"9":{"start":{"line":54,"column":18},"end":{"line":62,"column":3}},"10":{"start":{"line":56,"column":6},"end":{"line":60,"column":24}},"11":{"start":{"line":64,"column":52},"end":{"line":64,"column":80}},"12":{"start":{"line":65,"column":2},"end":{"line":65,"column":45}},"13":{"start":{"line":65,"column":20},"end":{"line":65,"column":30}},"14":{"start":{"line":68,"column":4},"end":{"line":68,"column":31}},"15":{"start":{"line":69,"column":4},"end":{"line":69,"column":43}},"16":{"start":{"line":69,"column":21},"end":{"line":69,"column":35}},"17":{"start":{"line":73,"column":4},"end":{"line":73,"column":80}},"18":{"start":{"line":73,"column":73},"end":{"line":73,"column":80}},"19":{"start":{"line":74,"column":4},"end":{"line":74,"column":22}},"20":{"start":{"line":75,"column":4},"end":{"line":83,"column":5}},"21":{"start":{"line":76,"column":6},"end":{"line":76,"column":33}},"22":{"start":{"line":77,"column":6},"end":{"line":77,"column":60}},"23":{"start":{"line":78,"column":6},"end":{"line":78,"column":16}},"24":{"start":{"line":80,"column":6},"end":{"line":80,"column":79}},"25":{"start":{"line":82,"column":6},"end":{"line":82,"column":26}},"26":{"start":{"line":86,"column":29},"end":{"line":86,"column":41}},"27":{"start":{"line":88,"column":2},"end":{"line":212,"column":4}},"28":{"start":{"line":90,"column":49},"end":{"line":90,"column":63}},"29":{"start":{"line":113,"column":27},"end":{"line":113,"column":78}},"30":{"start":{"line":113,"column":44},"end":{"line":113,"column":76}},"31":{"start":{"line":117,"column":14},"end":{"line":117,"column":70}},"32":{"start":{"line":127,"column":27},"end":{"line":127,"column":76}},"33":{"start":{"line":127,"column":44},"end":{"line":127,"column":74}},"34":{"start":{"line":137,"column":27},"end":{"line":137,"column":74}},"35":{"start":{"line":137,"column":44},"end":{"line":137,"column":72}},"36":{"start":{"line":143,"column":25},"end":{"line":143,"column":69}},"37":{"start":{"line":166,"column":18},"end":{"line":171,"column":23}},"38":{"start":{"line":177,"column":16},"end":{"line":205,"column":21}},"39":{"start":{"line":196,"column":39},"end":{"line":196,"column":61}}},"fnMap":{"0":{"name":"formatDate","decl":{"start":{"line":10,"column":9},"end":{"line":10,"column":19}},"loc":{"start":{"line":10,"column":41},"end":{"line":16,"column":1}},"line":10},"1":{"name":"Toast","decl":{"start":{"line":23,"column":9},"end":{"line":23,"column":14}},"loc":{"start":{"line":23,"column":54},"end":{"line":40,"column":1}},"line":23},"2":{"name":"OrdersTab","decl":{"start":{"line":49,"column":24},"end":{"line":49,"column":33}},"loc":{"start":{"line":49,"column":36},"end":{"line":213,"column":1}},"line":49},"3":{"name":"(anonymous_3)","decl":{"start":{"line":55,"column":4},"end":{"line":55,"column":5}},"loc":{"start":{"line":56,"column":6},"end":{"line":60,"column":24}},"line":56},"4":{"name":"(anonymous_4)","decl":{"start":{"line":65,"column":12},"end":{"line":65,"column":13}},"loc":{"start":{"line":65,"column":18},"end":{"line":65,"column":32}},"line":65},"5":{"name":"showToast","decl":{"start":{"line":67,"column":11},"end":{"line":67,"column":20}},"loc":{"start":{"line":67,"column":75},"end":{"line":70,"column":3}},"line":67},"6":{"name":"(anonymous_6)","decl":{"start":{"line":69,"column":15},"end":{"line":69,"column":16}},"loc":{"start":{"line":69,"column":21},"end":{"line":69,"column":35}},"line":69},"7":{"name":"handleCancel","decl":{"start":{"line":72,"column":17},"end":{"line":72,"column":29}},"loc":{"start":{"line":72,"column":57},"end":{"line":84,"column":3}},"line":72},"8":{"name":"(anonymous_8)","decl":{"start":{"line":90,"column":43},"end":{"line":90,"column":44}},"loc":{"start":{"line":90,"column":49},"end":{"line":90,"column":63}},"line":90},"9":{"name":"(anonymous_9)","decl":{"start":{"line":113,"column":22},"end":{"line":113,"column":23}},"loc":{"start":{"line":113,"column":27},"end":{"line":113,"column":78}},"line":113},"10":{"name":"(anonymous_10)","decl":{"start":{"line":113,"column":38},"end":{"line":113,"column":39}},"loc":{"start":{"line":113,"column":44},"end":{"line":113,"column":76}},"line":113},"11":{"name":"(anonymous_11)","decl":{"start":{"line":116,"column":32},"end":{"line":116,"column":33}},"loc":{"start":{"line":117,"column":14},"end":{"line":117,"column":70}},"line":117},"12":{"name":"(anonymous_12)","decl":{"start":{"line":127,"column":22},"end":{"line":127,"column":23}},"loc":{"start":{"line":127,"column":27},"end":{"line":127,"column":76}},"line":127},"13":{"name":"(anonymous_13)","decl":{"start":{"line":127,"column":38},"end":{"line":127,"column":39}},"loc":{"start":{"line":127,"column":44},"end":{"line":127,"column":74}},"line":127},"14":{"name":"(anonymous_14)","decl":{"start":{"line":137,"column":22},"end":{"line":137,"column":23}},"loc":{"start":{"line":137,"column":27},"end":{"line":137,"column":74}},"line":137},"15":{"name":"(anonymous_15)","decl":{"start":{"line":137,"column":38},"end":{"line":137,"column":39}},"loc":{"start":{"line":137,"column":44},"end":{"line":137,"column":72}},"line":137},"16":{"name":"(anonymous_16)","decl":{"start":{"line":143,"column":19},"end":{"line":143,"column":20}},"loc":{"start":{"line":143,"column":25},"end":{"line":143,"column":69}},"line":143},"17":{"name":"(anonymous_17)","decl":{"start":{"line":165,"column":85},"end":{"line":165,"column":86}},"loc":{"start":{"line":166,"column":18},"end":{"line":171,"column":23}},"line":166},"18":{"name":"(anonymous_18)","decl":{"start":{"line":176,"column":29},"end":{"line":176,"column":30}},"loc":{"start":{"line":177,"column":16},"end":{"line":205,"column":21}},"line":177},"19":{"name":"(anonymous_19)","decl":{"start":{"line":196,"column":33},"end":{"line":196,"column":34}},"loc":{"start":{"line":196,"column":39},"end":{"line":196,"column":61}},"line":196}},"branchMap":{"0":{"loc":{"start":{"line":11,"column":2},"end":{"line":11,"column":23}},"type":"if","locations":[{"start":{"line":11,"column":2},"end":{"line":11,"column":23}},{"start":{},"end":{}}],"line":11},"1":{"loc":{"start":{"line":34,"column":7},"end":{"line":34,"column":38}},"type":"cond-expr","locations":[{"start":{"line":34,"column":29},"end":{"line":34,"column":32}},{"start":{"line":34,"column":35},"end":{"line":34,"column":38}}],"line":34},"2":{"loc":{"start":{"line":57,"column":16},"end":{"line":57,"column":43}},"type":"binary-expr","locations":[{"start":{"line":57,"column":16},"end":{"line":57,"column":30}},{"start":{"line":57,"column":34},"end":{"line":57,"column":43}}],"line":57},"3":{"loc":{"start":{"line":58,"column":16},"end":{"line":58,"column":69}},"type":"cond-expr","locations":[{"start":{"line":58,"column":31},"end":{"line":58,"column":57}},{"start":{"line":58,"column":60},"end":{"line":58,"column":69}}],"line":58},"4":{"loc":{"start":{"line":59,"column":16},"end":{"line":59,"column":69}},"type":"cond-expr","locations":[{"start":{"line":59,"column":31},"end":{"line":59,"column":55}},{"start":{"line":59,"column":60},"end":{"line":59,"column":69}}],"line":59},"5":{"loc":{"start":{"line":67,"column":34},"end":{"line":67,"column":67}},"type":"default-arg","locations":[{"start":{"line":67,"column":58},"end":{"line":67,"column":67}}],"line":67},"6":{"loc":{"start":{"line":73,"column":4},"end":{"line":73,"column":80}},"type":"if","locations":[{"start":{"line":73,"column":4},"end":{"line":73,"column":80}},{"start":{},"end":{}}],"line":73},"7":{"loc":{"start":{"line":80,"column":16},"end":{"line":80,"column":68}},"type":"cond-expr","locations":[{"start":{"line":80,"column":39},"end":{"line":80,"column":50}},{"start":{"line":80,"column":53},"end":{"line":80,"column":68}}],"line":80},"8":{"loc":{"start":{"line":86,"column":29},"end":{"line":86,"column":41}},"type":"binary-expr","locations":[{"start":{"line":86,"column":29},"end":{"line":86,"column":35}},{"start":{"line":86,"column":39},"end":{"line":86,"column":41}}],"line":86},"9":{"loc":{"start":{"line":90,"column":7},"end":{"line":90,"column":67}},"type":"binary-expr","locations":[{"start":{"line":90,"column":7},"end":{"line":90,"column":12}},{"start":{"line":90,"column":16},"end":{"line":90,"column":67}}],"line":90},"10":{"loc":{"start":{"line":117,"column":41},"end":{"line":117,"column":60}},"type":"binary-expr","locations":[{"start":{"line":117,"column":41},"end":{"line":117,"column":42}},{"start":{"line":117,"column":46},"end":{"line":117,"column":60}}],"line":117},"11":{"loc":{"start":{"line":150,"column":7},"end":{"line":150,"column":62}},"type":"binary-expr","locations":[{"start":{"line":150,"column":7},"end":{"line":150,"column":14}},{"start":{"line":150,"column":18},"end":{"line":150,"column":62}}],"line":150},"12":{"loc":{"start":{"line":151,"column":7},"end":{"line":151,"column":66}},"type":"binary-expr","locations":[{"start":{"line":151,"column":7},"end":{"line":151,"column":12}},{"start":{"line":151,"column":18},"end":{"line":151,"column":66}}],"line":151},"13":{"loc":{"start":{"line":153,"column":7},"end":{"line":158,"column":7}},"type":"binary-expr","locations":[{"start":{"line":153,"column":7},"end":{"line":153,"column":15}},{"start":{"line":153,"column":19},"end":{"line":153,"column":25}},{"start":{"line":153,"column":29},"end":{"line":153,"column":51}},{"start":{"line":154,"column":8},"end":{"line":157,"column":10}}],"line":153},"14":{"loc":{"start":{"line":160,"column":7},"end":{"line":210,"column":7}},"type":"binary-expr","locations":[{"start":{"line":160,"column":7},"end":{"line":160,"column":15}},{"start":{"line":160,"column":19},"end":{"line":160,"column":25}},{"start":{"line":160,"column":29},"end":{"line":160,"column":49}},{"start":{"line":161,"column":8},"end":{"line":209,"column":14}}],"line":160},"15":{"loc":{"start":{"line":194,"column":21},"end":{"line":203,"column":21}},"type":"binary-expr","locations":[{"start":{"line":194,"column":21},"end":{"line":194,"column":50}},{"start":{"line":195,"column":22},"end":{"line":202,"column":31}}],"line":194},"16":{"loc":{"start":{"line":201,"column":25},"end":{"line":201,"column":65}},"type":"cond-expr","locations":[{"start":{"line":201,"column":51},"end":{"line":201,"column":54}},{"start":{"line":201,"column":57},"end":{"line":201,"column":65}}],"line":201}},"s":{"0":0,"1":0,"2":0,"3":0,"4":0,"5":0,"6":0,"7":0,"8":0,"9":0,"10":0,"11":0,"12":0,"13":0,"14":0,"15":0,"16":0,"17":0,"18":0,"19":0,"20":0,"21":0,"22":0,"23":0,"24":0,"25":0,"26":0,"27":0,"28":0,"29":0,"30":0,"31":0,"32":0,"33":0,"34":0,"35":0,"36":0,"37":0,"38":0,"39":0},"f":{"0":0,"1":0,"2":0,"3":0,"4":0,"5":0,"6":0,"7":0,"8":0,"9":0,"10":0,"11":0,"12":0,"13":0,"14":0,"15":0,"16":0,"17":0,"18":0,"19":0},"b":{"0":[0,0],"1":[0,0],"2":[0,0],"3":[0,0],"4":[0,0],"5":[0],"6":[0,0],"7":[0,0],"8":[0,0],"9":[0,0],"10":[0,0],"11":[0,0],"12":[0,0],"13":[0,0,0,0],"14":[0,0,0,0],"15":[0,0],"16":[0,0]}}
,"/home/kevin/Downloads/cymelle-assessment-ecommerce/ecommerce-frontend/src/hooks/useApi.ts": {"path":"/home/kevin/Downloads/cymelle-assessment-ecommerce/ecommerce-frontend/src/hooks/useApi.ts","statementMap":{"0":{"start":{"line":14,"column":26},"end":{"line":14,"column":57}},"1":{"start":{"line":15,"column":32},"end":{"line":15,"column":47}},"2":{"start":{"line":16,"column":28},"end":{"line":16,"column":57}},"3":{"start":{"line":18,"column":18},"end":{"line":35,"column":3}},"4":{"start":{"line":20,"column":6},"end":{"line":20,"column":23}},"5":{"start":{"line":21,"column":6},"end":{"line":21,"column":21}},"6":{"start":{"line":22,"column":6},"end":{"line":32,"column":7}},"7":{"start":{"line":23,"column":23},"end":{"line":23,"column":43}},"8":{"start":{"line":24,"column":8},"end":{"line":24,"column":24}},"9":{"start":{"line":25,"column":8},"end":{"line":25,"column":22}},"10":{"start":{"line":27,"column":24},"end":{"line":27,"column":83}},"11":{"start":{"line":28,"column":8},"end":{"line":28,"column":26}},"12":{"start":{"line":29,"column":8},"end":{"line":29,"column":18}},"13":{"start":{"line":31,"column":8},"end":{"line":31,"column":26}},"14":{"start":{"line":37,"column":2},"end":{"line":37,"column":43}}},"fnMap":{"0":{"name":"useApi","decl":{"start":{"line":10,"column":16},"end":{"line":10,"column":22}},"loc":{"start":{"line":13,"column":19},"end":{"line":38,"column":1}},"line":13},"1":{"name":"(anonymous_1)","decl":{"start":{"line":19,"column":4},"end":{"line":19,"column":5}},"loc":{"start":{"line":19,"column":46},"end":{"line":33,"column":5}},"line":19}},"branchMap":{"0":{"loc":{"start":{"line":12,"column":2},"end":{"line":12,"column":30}},"type":"default-arg","locations":[{"start":{"line":12,"column":26},"end":{"line":12,"column":30}}],"line":12},"1":{"loc":{"start":{"line":27,"column":24},"end":{"line":27,"column":83}},"type":"cond-expr","locations":[{"start":{"line":27,"column":47},"end":{"line":27,"column":58}},{"start":{"line":27,"column":61},"end":{"line":27,"column":83}}],"line":27}},"s":{"0":39,"1":39,"2":39,"3":39,"4":14,"5":14,"6":14,"7":14,"8":11,"9":11,"10":2,"11":2,"12":2,"13":13,"14":39},"f":{"0":39,"1":14},"b":{"0":[0],"1":[2,0]},"_coverageSchema":"1a1c01bbd47fc00a2c39e90264f33305004495a9","hash":"d8a1a8865aa34308839eabcbc5037a7700c5c270"}
,"/home/kevin/Downloads/cymelle-assessment-ecommerce/ecommerce-frontend/src/services/api.ts": {"path":"/home/kevin/Downloads/cymelle-assessment-ecommerce/ecommerce-frontend/src/services/api.ts","statementMap":{"0":{"start":{"line":10,"column":17},"end":{"line":10,"column":52}},"1":{"start":{"line":18,"column":14},"end":{"line":21,"column":4}},"2":{"start":{"line":23,"column":2},"end":{"line":31,"column":3}},"3":{"start":{"line":24,"column":45},"end":{"line":24,"column":47}},"4":{"start":{"line":25,"column":4},"end":{"line":25,"column":77}},"5":{"start":{"line":25,"column":10},"end":{"line":25,"column":39}},"6":{"start":{"line":26,"column":20},"end":{"line":26,"column":72}},"7":{"start":{"line":27,"column":16},"end":{"line":27,"column":46}},"8":{"start":{"line":28,"column":4},"end":{"line":28,"column":28}},"9":{"start":{"line":29,"column":4},"end":{"line":29,"column":25}},"10":{"start":{"line":30,"column":4},"end":{"line":30,"column":14}},"11":{"start":{"line":33,"column":2},"end":{"line":33,"column":34}},"12":{"start":{"line":37,"column":28},"end":{"line":43,"column":1}},"13":{"start":{"line":39,"column":4},"end":{"line":39,"column":42}},"14":{"start":{"line":42,"column":4},"end":{"line":42,"column":52}},"15":{"start":{"line":46,"column":25},"end":{"line":61,"column":1}},"16":{"start":{"line":48,"column":19},"end":{"line":48,"column":40}},"17":{"start":{"line":49,"column":4},"end":{"line":49,"column":45}},"18":{"start":{"line":49,"column":16},"end":{"line":49,"column":45}},"19":{"start":{"line":50,"column":4},"end":{"line":50,"column":41}},"20":{"start":{"line":50,"column":16},"end":{"line":50,"column":41}},"21":{"start":{"line":51,"column":4},"end":{"line":51,"column":37}},"22":{"start":{"line":51,"column":16},"end":{"line":51,"column":37}},"23":{"start":{"line":52,"column":15},"end":{"line":52,"column":32}},"24":{"start":{"line":53,"column":4},"end":{"line":53,"column":60}},"25":{"start":{"line":57,"column":4},"end":{"line":57,"column":77}},"26":{"start":{"line":60,"column":4},"end":{"line":60,"column":57}},"27":{"start":{"line":65,"column":23},"end":{"line":71,"column":1}},"28":{"start":{"line":67,"column":19},"end":{"line":67,"column":74}},"29":{"start":{"line":68,"column":4},"end":{"line":68,"column":88}},"30":{"start":{"line":68,"column":33},"end":{"line":68,"column":88}},"31":{"start":{"line":69,"column":4},"end":{"line":69,"column":62}}},"fnMap":{"0":{"name":"request","decl":{"start":{"line":17,"column":15},"end":{"line":17,"column":22}},"loc":{"start":{"line":17,"column":79},"end":{"line":34,"column":1}},"line":17},"1":{"name":"(anonymous_1)","decl":{"start":{"line":38,"column":10},"end":{"line":38,"column":11}},"loc":{"start":{"line":39,"column":4},"end":{"line":39,"column":42}},"line":39},"2":{"name":"(anonymous_2)","decl":{"start":{"line":41,"column":15},"end":{"line":41,"column":16}},"loc":{"start":{"line":42,"column":4},"end":{"line":42,"column":52}},"line":42},"3":{"name":"(anonymous_3)","decl":{"start":{"line":47,"column":10},"end":{"line":47,"column":11}},"loc":{"start":{"line":47,"column":73},"end":{"line":54,"column":3}},"line":47},"4":{"name":"(anonymous_4)","decl":{"start":{"line":56,"column":9},"end":{"line":56,"column":10}},"loc":{"start":{"line":57,"column":4},"end":{"line":57,"column":77}},"line":57},"5":{"name":"(anonymous_5)","decl":{"start":{"line":59,"column":10},"end":{"line":59,"column":11}},"loc":{"start":{"line":60,"column":4},"end":{"line":60,"column":57}},"line":60},"6":{"name":"(anonymous_6)","decl":{"start":{"line":66,"column":13},"end":{"line":66,"column":14}},"loc":{"start":{"line":66,"column":94},"end":{"line":70,"column":3}},"line":66}},"branchMap":{"0":{"loc":{"start":{"line":10,"column":17},"end":{"line":10,"column":52}},"type":"binary-expr","locations":[{"start":{"line":10,"column":17},"end":{"line":10,"column":46}},{"start":{"line":10,"column":50},"end":{"line":10,"column":52}}],"line":10},"1":{"loc":{"start":{"line":17,"column":40},"end":{"line":17,"column":65}},"type":"default-arg","locations":[{"start":{"line":17,"column":63},"end":{"line":17,"column":65}}],"line":17},"2":{"loc":{"start":{"line":19,"column":55},"end":{"line":19,"column":76}},"type":"binary-expr","locations":[{"start":{"line":19,"column":55},"end":{"line":19,"column":70}},{"start":{"line":19,"column":74},"end":{"line":19,"column":76}}],"line":19},"3":{"loc":{"start":{"line":23,"column":2},"end":{"line":31,"column":3}},"type":"if","locations":[{"start":{"line":23,"column":2},"end":{"line":31,"column":3}},{"start":{},"end":{}}],"line":23},"4":{"loc":{"start":{"line":26,"column":20},"end":{"line":26,"column":72}},"type":"binary-expr","locations":[{"start":{"line":26,"column":21},"end":{"line":26,"column":47}},{"start":{"line":26,"column":52},"end":{"line":26,"column":72}}],"line":26},"5":{"loc":{"start":{"line":47,"column":11},"end":{"line":47,"column":50}},"type":"default-arg","locations":[{"start":{"line":47,"column":48},"end":{"line":47,"column":50}}],"line":47},"6":{"loc":{"start":{"line":49,"column":4},"end":{"line":49,"column":45}},"type":"if","locations":[{"start":{"line":49,"column":4},"end":{"line":49,"column":45}},{"start":{},"end":{}}],"line":49},"7":{"loc":{"start":{"line":50,"column":4},"end":{"line":50,"column":41}},"type":"if","locations":[{"start":{"line":50,"column":4},"end":{"line":50,"column":41}},{"start":{},"end":{}}],"line":50},"8":{"loc":{"start":{"line":51,"column":4},"end":{"line":51,"column":37}},"type":"if","locations":[{"start":{"line":51,"column":4},"end":{"line":51,"column":37}},{"start":{},"end":{}}],"line":51},"9":{"loc":{"start":{"line":53,"column":38},"end":{"line":53,"column":56}},"type":"cond-expr","locations":[{"start":{"line":53,"column":43},"end":{"line":53,"column":51}},{"start":{"line":53,"column":54},"end":{"line":53,"column":56}}],"line":53},"10":{"loc":{"start":{"line":68,"column":4},"end":{"line":68,"column":88}},"type":"if","locations":[{"start":{"line":68,"column":4},"end":{"line":68,"column":88}},{"start":{},"end":{}}],"line":68}},"s":{"0":1,"1":0,"2":0,"3":0,"4":0,"5":0,"6":0,"7":0,"8":0,"9":0,"10":0,"11":0,"12":1,"13":0,"14":0,"15":1,"16":0,"17":0,"18":0,"19":0,"20":0,"21":0,"22":0,"23":0,"24":0,"25":0,"26":0,"27":1,"28":0,"29":0,"30":0,"31":0},"f":{"0":0,"1":0,"2":0,"3":0,"4":0,"5":0,"6":0},"b":{"0":[1,1],"1":[0],"2":[0,0],"3":[0,0],"4":[0,0],"5":[0],"6":[0,0],"7":[0,0],"8":[0,0],"9":[0,0],"10":[0,0]},"_coverageSchema":"1a1c01bbd47fc00a2c39e90264f33305004495a9","hash":"e8e65fb8f69b969f60a0c12d54ef20ac2bbd696f"}
,"/home/kevin/Downloads/cymelle-assessment-ecommerce/ecommerce-frontend/src/types/index.ts": {"path":"/home/kevin/Downloads/cymelle-assessment-ecommerce/ecommerce-frontend/src/types/index.ts","statementMap":{},"fnMap":{},"branchMap":{},"s":{},"f":{},"b":{}}
}
