TN:
SF:src/App.tsx
FN:20,App
FN:45,(anonymous_1)
FN:50,(anonymous_2)
FNF:3
FNH:0
FNDA:0,App
FNDA:0,(anonymous_1)
FNDA:0,(anonymous_2)
DA:14,0
DA:21,0
DA:23,0
DA:46,0
DA:50,0
LF:5
LH:0
BRDA:52,0,0,0
BRDA:52,0,1,0
BRDA:66,1,0,0
BRDA:66,1,1,0
BRDA:67,2,0,0
BRDA:67,2,1,0
BRDA:68,3,0,0
BRDA:68,3,1,0
BRF:8
BRH:0
end_of_record
TN:
SF:src/index.tsx
FNF:0
FNH:0
DA:6,0
DA:7,0
DA:8,0
LF:3
LH:0
BRF:0
BRH:0
end_of_record
TN:
SF:src/components/common/index.tsx
FN:9,LoadingSpinner
FN:28,ErrorState
FN:52,EmptyState
FN:76,Badge
FN:97,StatusBadge
FNF:5
FNH:4
FNDA:14,LoadingSpinner
FNDA:2,ErrorState
FNDA:14,EmptyState
FNDA:25,Badge
FNDA:0,StatusBadge
DA:10,14
DA:29,2
DA:53,14
DA:69,1
DA:77,25
DA:91,1
DA:98,0
LF:7
LH:6
BRDA:9,0,0,0
BRDA:33,1,0,2
BRDA:33,1,1,2
BRDA:58,2,0,14
BRDA:58,2,1,0
BRDA:76,3,0,0
BRF:6
BRH:3
end_of_record
TN:
SF:src/components/fare/FareCalculator.tsx
FN:12,ResultRow
FN:40,FareCalculator
FN:46,handleCalculate
FN:92,(anonymous_3)
FN:92,(anonymous_4)
FN:109,(anonymous_5)
FN:109,(anonymous_6)
FNF:7
FNH:0
FNDA:0,ResultRow
FNDA:0,FareCalculator
FNDA:0,handleCalculate
FNDA:0,(anonymous_3)
FNDA:0,(anonymous_4)
FNDA:0,(anonymous_5)
FNDA:0,(anonymous_6)
DA:13,0
DA:41,0
DA:42,0
DA:43,0
DA:44,0
DA:47,0
DA:48,0
DA:49,0
DA:51,0
DA:52,0
DA:53,0
DA:54,0
DA:57,0
DA:58,0
DA:59,0
DA:60,0
DA:61,0
DA:63,0
DA:65,0
DA:69,0
DA:92,0
DA:109,0
LF:22
LH:0
BRDA:12,0,0,0
BRDA:16,1,0,0
BRDA:16,1,1,0
BRDA:19,2,0,0
BRDA:19,2,1,0
BRDA:24,3,0,0
BRDA:24,3,1,0
BRDA:52,4,0,0
BRDA:52,4,1,0
BRDA:52,5,0,0
BRDA:52,5,1,0
BRDA:59,6,0,0
BRDA:59,6,1,0
BRDA:63,7,0,0
BRDA:63,7,1,0
BRDA:114,8,0,0
BRDA:114,8,1,0
BRDA:129,9,0,0
BRDA:129,9,1,0
BRDA:138,10,0,0
BRDA:138,10,1,0
BRDA:141,11,0,0
BRDA:141,11,1,0
BRDA:159,12,0,0
BRDA:159,12,1,0
BRDA:167,13,0,0
BRDA:167,13,1,0
BRDA:181,14,0,0
BRDA:181,14,1,0
BRF:29
BRH:0
end_of_record
TN:
SF:src/components/inventory/InventoryTab.tsx
FN:12,StockBar
FN:33,InventoryTab
FN:35,(anonymous_2)
FN:38,(anonymous_3)
FN:41,(anonymous_4)
FN:42,(anonymous_5)
FN:57,(anonymous_6)
FN:66,(anonymous_7)
FN:105,(anonymous_8)
FN:127,(anonymous_9)
FN:138,(anonymous_10)
FNF:11
FNH:9
FNDA:25,StockBar
FNDA:40,InventoryTab
FNDA:14,(anonymous_2)
FNDA:12,(anonymous_3)
FNDA:29,(anonymous_4)
FNDA:1,(anonymous_5)
FNDA:0,(anonymous_6)
FNDA:1,(anonymous_7)
FNDA:0,(anonymous_8)
FNDA:54,(anonymous_9)
FNDA:25,(anonymous_10)
DA:13,25
DA:14,25
DA:16,25
DA:19,25
DA:34,40
DA:35,39
DA:36,39
DA:38,39
DA:40,39
DA:41,39
DA:42,39
DA:44,39
DA:45,25
DA:47,23
DA:57,0
DA:66,1
DA:105,0
DA:128,54
DA:139,25
LF:19
LH:17
BRDA:16,0,0,8
BRDA:16,0,1,17
BRDA:17,1,0,8
BRDA:17,1,1,9
BRDA:40,2,0,39
BRDA:40,2,1,0
BRDA:42,3,0,1
BRDA:42,3,1,38
BRDA:44,4,0,14
BRDA:44,4,1,25
BRDA:45,5,0,2
BRDA:45,5,1,23
BRDA:59,6,0,22
BRDA:59,6,1,1
BRDA:69,7,0,1
BRDA:69,7,1,22
BRDA:74,8,0,23
BRDA:74,8,1,8
BRDA:78,9,0,0
BRDA:78,9,1,8
BRDA:96,10,0,23
BRDA:96,10,1,8
BRDA:96,10,2,8
BRDA:103,11,0,8
BRDA:103,11,1,0
BRDA:113,12,0,14
BRDA:113,12,1,9
BRDA:115,13,0,1
BRDA:115,13,1,13
BRDA:117,14,0,1
BRDA:117,14,1,13
BRDA:141,15,0,16
BRDA:141,15,1,9
BRDA:154,16,0,8
BRDA:154,16,1,17
BRDA:155,17,0,8
BRDA:155,17,1,9
BRDA:164,18,0,16
BRDA:164,18,1,9
BRF:39
BRH:36
end_of_record
TN:
SF:src/components/orders/OrdersTab.tsx
FN:10,formatDate
FN:23,Toast
FN:49,OrdersTab
FN:55,(anonymous_3)
FN:65,(anonymous_4)
FN:67,showToast
FN:69,(anonymous_6)
FN:72,handleCancel
FN:90,(anonymous_8)
FN:113,(anonymous_9)
FN:113,(anonymous_10)
FN:116,(anonymous_11)
FN:127,(anonymous_12)
FN:127,(anonymous_13)
FN:137,(anonymous_14)
FN:137,(anonymous_15)
FN:143,(anonymous_16)
FN:165,(anonymous_17)
FN:176,(anonymous_18)
FN:196,(anonymous_19)
FNF:20
FNH:0
FNDA:0,formatDate
FNDA:0,Toast
FNDA:0,OrdersTab
FNDA:0,(anonymous_3)
FNDA:0,(anonymous_4)
FNDA:0,showToast
FNDA:0,(anonymous_6)
FNDA:0,handleCancel
FNDA:0,(anonymous_8)
FNDA:0,(anonymous_9)
FNDA:0,(anonymous_10)
FNDA:0,(anonymous_11)
FNDA:0,(anonymous_12)
FNDA:0,(anonymous_13)
FNDA:0,(anonymous_14)
FNDA:0,(anonymous_15)
FNDA:0,(anonymous_16)
FNDA:0,(anonymous_17)
FNDA:0,(anonymous_18)
FNDA:0,(anonymous_19)
DA:8,0
DA:11,0
DA:12,0
DA:24,0
DA:28,0
DA:50,0
DA:51,0
DA:52,0
DA:54,0
DA:56,0
DA:64,0
DA:65,0
DA:68,0
DA:69,0
DA:73,0
DA:74,0
DA:75,0
DA:76,0
DA:77,0
DA:78,0
DA:80,0
DA:82,0
DA:86,0
DA:88,0
DA:90,0
DA:113,0
DA:117,0
DA:127,0
DA:137,0
DA:143,0
DA:166,0
DA:177,0
DA:196,0
LF:33
LH:0
BRDA:11,0,0,0
BRDA:11,0,1,0
BRDA:34,1,0,0
BRDA:34,1,1,0
BRDA:57,2,0,0
BRDA:57,2,1,0
BRDA:58,3,0,0
BRDA:58,3,1,0
BRDA:59,4,0,0
BRDA:59,4,1,0
BRDA:67,5,0,0
BRDA:73,6,0,0
BRDA:73,6,1,0
BRDA:80,7,0,0
BRDA:80,7,1,0
BRDA:86,8,0,0
BRDA:86,8,1,0
BRDA:90,9,0,0
BRDA:90,9,1,0
BRDA:117,10,0,0
BRDA:117,10,1,0
BRDA:150,11,0,0
BRDA:150,11,1,0
BRDA:151,12,0,0
BRDA:151,12,1,0
BRDA:153,13,0,0
BRDA:153,13,1,0
BRDA:153,13,2,0
BRDA:153,13,3,0
BRDA:160,14,0,0
BRDA:160,14,1,0
BRDA:160,14,2,0
BRDA:160,14,3,0
BRDA:194,15,0,0
BRDA:194,15,1,0
BRDA:201,16,0,0
BRDA:201,16,1,0
BRF:37
BRH:0
end_of_record
TN:
SF:src/hooks/useApi.ts
FN:10,useApi
FN:19,(anonymous_1)
FNF:2
FNH:2
FNDA:39,useApi
FNDA:14,(anonymous_1)
DA:14,39
DA:15,39
DA:16,39
DA:18,39
DA:20,14
DA:21,14
DA:22,14
DA:23,14
DA:24,11
DA:25,11
DA:27,2
DA:28,2
DA:29,2
DA:31,13
DA:37,39
LF:15
LH:15
BRDA:12,0,0,0
BRDA:27,1,0,2
BRDA:27,1,1,0
BRF:3
BRH:1
end_of_record
TN:
SF:src/services/api.ts
FN:17,request
FN:38,(anonymous_1)
FN:41,(anonymous_2)
FN:47,(anonymous_3)
FN:56,(anonymous_4)
FN:59,(anonymous_5)
FN:66,(anonymous_6)
FNF:7
FNH:0
FNDA:0,request
FNDA:0,(anonymous_1)
FNDA:0,(anonymous_2)
FNDA:0,(anonymous_3)
FNDA:0,(anonymous_4)
FNDA:0,(anonymous_5)
FNDA:0,(anonymous_6)
DA:10,1
DA:18,0
DA:23,0
DA:24,0
DA:25,0
DA:26,0
DA:27,0
DA:28,0
DA:29,0
DA:30,0
DA:33,0
DA:37,1
DA:39,0
DA:42,0
DA:46,1
DA:48,0
DA:49,0
DA:50,0
DA:51,0
DA:52,0
DA:53,0
DA:57,0
DA:60,0
DA:65,1
DA:67,0
DA:68,0
DA:69,0
LF:27
LH:4
BRDA:10,0,0,1
BRDA:10,0,1,1
BRDA:17,1,0,0
BRDA:19,2,0,0
BRDA:19,2,1,0
BRDA:23,3,0,0
BRDA:23,3,1,0
BRDA:26,4,0,0
BRDA:26,4,1,0
BRDA:47,5,0,0
BRDA:49,6,0,0
BRDA:49,6,1,0
BRDA:50,7,0,0
BRDA:50,7,1,0
BRDA:51,8,0,0
BRDA:51,8,1,0
BRDA:53,9,0,0
BRDA:53,9,1,0
BRDA:68,10,0,0
BRDA:68,10,1,0
BRF:20
BRH:2
end_of_record
TN:
SF:src/types/index.ts
FNF:0
FNH:0
LF:0
LH:0
BRF:0
BRH:0
end_of_record
